<?xml version="1.0" encoding="UTF-8"?>
<!-- Generated by org.testng.reporters.JUnitReportReporter -->
<testsuite hostname="LAPTOP-4H9OMSJB" failures="0" tests="1" name="testcases.test_cases" time="62.892" errors="0" timestamp="2023-01-01T10:59:23 IST" skipped="0">
  <testcase classname="testcases.test_cases" name="PIM_modify" time="62.892"/>
  <system-out/>
</testsuite> <!-- testcases.test_cases -->
